[2017-06-02 13:09:44.266] [INFO] console - Executing (default): CREATE TABLE IF NOT EXISTS `Corpdetails` (`id` INTEGER auto_increment , `code` CHAR(4) NOT NULL UNIQUE, `address` VARCHAR(255), `linkman` VARCHAR(255), `tel` VARCHAR(255), `mobile` VARCHAR(255), `createdAt` DATETIME NOT NULL, `updatedAt` DATETIME NOT NULL, UNIQUE `Corpdetails_code_unique` (`code`), PRIMARY KEY (`id`)) ENGINE=InnoDB DEFAULT CHARSET=utf8 COLLATE utf8_general_ci;
[2017-06-02 13:09:44.280] [INFO] console - Executing (default): CREATE TABLE IF NOT EXISTS `Corporations` (`id` INTEGER auto_increment , `code` CHAR(4) NOT NULL UNIQUE, `name` VARCHAR(255), `state` TINYINT(1), `createdAt` DATETIME NOT NULL, `updatedAt` DATETIME NOT NULL, UNIQUE `Corporations_code_unique` (`code`), PRIMARY KEY (`id`)) ENGINE=InnoDB DEFAULT CHARSET=utf8 COLLATE utf8_general_ci;
[2017-06-02 13:09:44.283] [INFO] console - Executing (default): CREATE TABLE IF NOT EXISTS `Corprelations` (`id` INTEGER auto_increment , `src` CHAR(4) NOT NULL, `dest` CHAR(4) NOT NULL, `name` VARCHAR(255), `state` TINYINT(1), `createdAt` DATETIME NOT NULL, `updatedAt` DATETIME NOT NULL, PRIMARY KEY (`id`)) ENGINE=InnoDB DEFAULT CHARSET=utf8 COLLATE utf8_general_ci;
[2017-06-02 13:09:44.286] [INFO] console - Executing (default): CREATE TABLE IF NOT EXISTS `Coupons` (`id` INTEGER auto_increment , `src` CHAR(4) NOT NULL, `dest` CHAR(4) NOT NULL, `couponcode` VARCHAR(255) NOT NULL, `couponno` BIGINT, `discount` VARCHAR(255), `customer` VARCHAR(255), `state` TINYINT(1), `createdAt` DATETIME NOT NULL, `updatedAt` DATETIME NOT NULL, PRIMARY KEY (`id`)) ENGINE=InnoDB DEFAULT CHARSET=utf8 COLLATE utf8_general_ci;
[2017-06-02 13:09:44.288] [INFO] console - Executing (default): CREATE TABLE IF NOT EXISTS `Couponstats` (`id` INTEGER auto_increment , `src` CHAR(4) NOT NULL, `dest` CHAR(4) NOT NULL, `totalnum` INTEGER, `usednum` INTEGER, `createdAt` DATETIME NOT NULL, `updatedAt` DATETIME NOT NULL, UNIQUE `compositeIndex` (`src`, `dest`), PRIMARY KEY (`id`)) ENGINE=InnoDB DEFAULT CHARSET=utf8 COLLATE utf8_general_ci;
[2017-06-02 13:09:45.515] [INFO] console - Executing (default): CREATE TABLE IF NOT EXISTS `Sessions` (`sid` VARCHAR(255) , `userId` VARCHAR(255), `expires` DATETIME, `data` VARCHAR(10000), `createdAt` DATETIME NOT NULL, `updatedAt` DATETIME NOT NULL, PRIMARY KEY (`sid`)) ENGINE=memory DEFAULT CHARSET=utf8 COLLATE utf8_general_ci;
[2017-06-02 13:09:45.644] [INFO] console - Executing (default): CREATE TABLE IF NOT EXISTS `Users` (`id` INTEGER auto_increment , `name` VARCHAR(255) NOT NULL UNIQUE, `password` VARCHAR(255) NOT NULL, `corp` CHAR(4), `auth` INTEGER, `createdAt` DATETIME NOT NULL, `updatedAt` DATETIME NOT NULL, UNIQUE `Users_name_unique` (`name`), PRIMARY KEY (`id`)) ENGINE=InnoDB DEFAULT CHARSET=utf8 COLLATE utf8_general_ci;
[2017-06-02 13:09:45.714] [INFO] console - Executing (default): SHOW INDEX FROM `Corpdetails`
[2017-06-02 13:09:45.790] [INFO] console - Executing (default): SHOW INDEX FROM `Couponstats`
[2017-06-02 13:09:45.792] [INFO] console - Executing (default): SHOW INDEX FROM `Coupons`
[2017-06-02 13:09:45.866] [INFO] console - Executing (default): SHOW INDEX FROM `Corporations`
[2017-06-02 13:09:45.872] [INFO] console - Executing (default): SHOW INDEX FROM `Corprelations`
[2017-06-02 13:09:45.923] [INFO] console - Executing (default): SHOW INDEX FROM `Sessions`
[2017-06-02 13:09:45.981] [INFO] console - Executing (default): SHOW INDEX FROM `Users`
[2017-06-02 13:10:47.420] [INFO] [default] - Process:5832 is processing
[2017-06-02 13:10:47.545] [INFO] [default] - Process:5832 is processing
[2017-06-02 13:10:47.547] [INFO] [default] - user:[::1] open login.html
[2017-06-02 13:10:47.929] [INFO] [default] - Process:5832 is processing
[2017-06-02 13:10:47.932] [INFO] [default] - Process:5832 is processing
[2017-06-02 13:10:47.932] [INFO] [default] - user:[::1] open login.html
[2017-06-02 13:11:41.966] [INFO] console - Executing (default): DELETE FROM `Sessions` WHERE `expires` < '2017-06-02 05:11:41'
[2017-06-02 13:11:52.900] [INFO] [default] - Process:5832 is processing
[2017-06-02 13:11:52.900] [INFO] [default] - user:[::1] begin to login
[2017-06-02 13:11:52.929] [INFO] console - Executing (default): SELECT `id`, `name`, `password`, `corp`, `auth`, `createdAt`, `updatedAt` FROM `Users` AS `User` WHERE `User`.`name` = 'admin' AND `User`.`password` = '202cb962ac59075b964b07152d234b70' LIMIT 1;
[2017-06-02 13:11:52.971] [INFO] [default] - user:[admin] login success
[2017-06-02 13:11:53.003] [INFO] console - Executing (default): SELECT `sid`, `expires`, `data`, `createdAt`, `updatedAt` FROM `Sessions` AS `Session` WHERE `Session`.`sid` = 'YKZNIi6HMcU-IV3rEovC2gxZdm1_ZiH5';
[2017-06-02 13:11:53.019] [INFO] console - Executing (default): INSERT INTO `Sessions` (`sid`,`expires`,`data`,`createdAt`,`updatedAt`) VALUES ('YKZNIi6HMcU-IV3rEovC2gxZdm1_ZiH5','2017-06-02 05:21:52','{\"cookie\":{\"originalMaxAge\":null,\"expires\":null,\"httpOnly\":true,\"path\":\"/\"},\"user\":\"admin\",\"corp\":\"wx\"}','2017-06-02 05:11:53','2017-06-02 05:11:53');
[2017-06-02 13:11:53.086] [INFO] console - Executing (default): SELECT `sid`, `expires`, `data`, `createdAt`, `updatedAt` FROM `Sessions` AS `Session` WHERE `Session`.`sid` = 'YKZNIi6HMcU-IV3rEovC2gxZdm1_ZiH5';
[2017-06-02 13:11:53.091] [INFO] [default] - Process:5832 is processing
[2017-06-02 13:11:53.092] [INFO] [default] - user:[admin] open check.html
[2017-06-02 13:11:53.121] [INFO] console - Executing (default): UPDATE `Sessions` SET `expires`='2017-06-02 05:21:53',`updatedAt`='2017-06-02 05:11:53' WHERE `sid` = 'YKZNIi6HMcU-IV3rEovC2gxZdm1_ZiH5'
[2017-06-02 13:11:53.200] [INFO] console - Executing (default): SELECT `sid`, `expires`, `data`, `createdAt`, `updatedAt` FROM `Sessions` AS `Session` WHERE `Session`.`sid` = 'YKZNIi6HMcU-IV3rEovC2gxZdm1_ZiH5';
[2017-06-02 13:11:53.203] [INFO] [default] - Process:5832 is processing
[2017-06-02 13:11:53.214] [INFO] console - Executing (default): UPDATE `Sessions` SET `expires`='2017-06-02 05:21:53',`updatedAt`='2017-06-02 05:11:53' WHERE `sid` = 'YKZNIi6HMcU-IV3rEovC2gxZdm1_ZiH5'
[2017-06-02 13:11:56.233] [INFO] console - Executing (default): SELECT `sid`, `expires`, `data`, `createdAt`, `updatedAt` FROM `Sessions` AS `Session` WHERE `Session`.`sid` = 'YKZNIi6HMcU-IV3rEovC2gxZdm1_ZiH5';
[2017-06-02 13:11:56.237] [INFO] [default] - Process:5832 is processing
[2017-06-02 13:11:56.237] [INFO] [default] - user:[admin] open corprelation.html
[2017-06-02 13:11:56.239] [INFO] console - Executing (default): SELECT `id`, `code`, `name`, `state`, `createdAt`, `updatedAt` FROM `Corporations` AS `Corporation`;
[2017-06-02 13:11:56.243] [INFO] [default] - user:[admin] corprelation.html initialize
[2017-06-02 13:11:56.295] [INFO] console - Executing (default): UPDATE `Sessions` SET `expires`='2017-06-02 05:21:56',`updatedAt`='2017-06-02 05:11:56' WHERE `sid` = 'YKZNIi6HMcU-IV3rEovC2gxZdm1_ZiH5'
[2017-06-02 13:11:56.404] [INFO] console - Executing (default): SELECT `sid`, `expires`, `data`, `createdAt`, `updatedAt` FROM `Sessions` AS `Session` WHERE `Session`.`sid` = 'YKZNIi6HMcU-IV3rEovC2gxZdm1_ZiH5';
[2017-06-02 13:11:56.412] [INFO] console - Executing (default): SELECT `sid`, `expires`, `data`, `createdAt`, `updatedAt` FROM `Sessions` AS `Session` WHERE `Session`.`sid` = 'YKZNIi6HMcU-IV3rEovC2gxZdm1_ZiH5';
[2017-06-02 13:11:56.414] [INFO] [default] - Process:5832 is processing
[2017-06-02 13:11:56.415] [INFO] [default] - user:[admin] begin to query unrelated corps
[2017-06-02 13:11:56.417] [INFO] console - Executing (default): SELECT code, name FROM corporations WHERE state=true AND code NOT IN (SELECT dest FROM corprelations WHERE src='wz')
[2017-06-02 13:11:56.422] [INFO] [default] - Process:5832 is processing
[2017-06-02 13:11:56.422] [INFO] [default] - user:[admin] begin to query related corps
[2017-06-02 13:11:56.424] [INFO] console - Executing (default): SELECT dest, name FROM corprelations WHERE src='wz'
[2017-06-02 13:11:56.509] [INFO] [default] - user:[admin] query related corps finished
[2017-06-02 13:11:56.515] [INFO] console - Executing (default): UPDATE `Sessions` SET `expires`='2017-06-02 05:21:56',`updatedAt`='2017-06-02 05:11:56' WHERE `sid` = 'YKZNIi6HMcU-IV3rEovC2gxZdm1_ZiH5'
[2017-06-02 13:11:56.546] [INFO] [default] - user:[admin] query unrelated corps finished
[2017-06-02 13:11:56.549] [INFO] console - Executing (default): UPDATE `Sessions` SET `expires`='2017-06-02 05:21:56',`updatedAt`='2017-06-02 05:11:56' WHERE `sid` = 'YKZNIi6HMcU-IV3rEovC2gxZdm1_ZiH5'
[2017-06-02 13:12:00.590] [INFO] console - Executing (default): SELECT `sid`, `expires`, `data`, `createdAt`, `updatedAt` FROM `Sessions` AS `Session` WHERE `Session`.`sid` = 'YKZNIi6HMcU-IV3rEovC2gxZdm1_ZiH5';
[2017-06-02 13:12:00.598] [INFO] [default] - Process:5832 is processing
[2017-06-02 13:12:00.599] [INFO] [default] - user:[admin] begin to query unrelated corps
[2017-06-02 13:12:00.599] [INFO] console - Executing (default): SELECT code, name FROM corporations WHERE state=true AND code NOT IN (SELECT dest FROM corprelations WHERE src='aaaa')
[2017-06-02 13:12:00.602] [INFO] [default] - user:[admin] query unrelated corps finished
[2017-06-02 13:12:00.611] [INFO] console - Executing (default): UPDATE `Sessions` SET `expires`='2017-06-02 05:22:00',`updatedAt`='2017-06-02 05:12:00' WHERE `sid` = 'YKZNIi6HMcU-IV3rEovC2gxZdm1_ZiH5'
[2017-06-02 13:12:11.189] [INFO] console - Executing (default): SELECT `sid`, `expires`, `data`, `createdAt`, `updatedAt` FROM `Sessions` AS `Session` WHERE `Session`.`sid` = 'YKZNIi6HMcU-IV3rEovC2gxZdm1_ZiH5';
[2017-06-02 13:12:11.190] [INFO] [default] - Process:5832 is processing
[2017-06-02 13:12:11.191] [INFO] [default] - user:[admin] begin to insert relations
[2017-06-02 13:12:11.195] [INFO] console - Executing (default): INSERT INTO `Corprelations` (`id`,`src`,`dest`,`name`,`state`,`createdAt`,`updatedAt`) VALUES (NULL,'aaaa','ee','ee',true,'2017-06-02 05:12:11','2017-06-02 05:12:11');
[2017-06-02 13:12:11.354] [INFO] [default] - user:[admin] insert finished 
[2017-06-02 13:12:11.366] [INFO] console - Executing (default): UPDATE `Sessions` SET `expires`='2017-06-02 05:22:11',`updatedAt`='2017-06-02 05:12:11' WHERE `sid` = 'YKZNIi6HMcU-IV3rEovC2gxZdm1_ZiH5'
[2017-06-02 13:12:11.383] [INFO] console - Executing (default): SELECT `sid`, `expires`, `data`, `createdAt`, `updatedAt` FROM `Sessions` AS `Session` WHERE `Session`.`sid` = 'YKZNIi6HMcU-IV3rEovC2gxZdm1_ZiH5';
[2017-06-02 13:12:11.389] [INFO] [default] - Process:5832 is processing
[2017-06-02 13:12:11.392] [INFO] [default] - user:[admin] begin to query unrelated corps
[2017-06-02 13:12:11.393] [INFO] console - Executing (default): SELECT `sid`, `expires`, `data`, `createdAt`, `updatedAt` FROM `Sessions` AS `Session` WHERE `Session`.`sid` = 'YKZNIi6HMcU-IV3rEovC2gxZdm1_ZiH5';
[2017-06-02 13:12:11.397] [INFO] console - Executing (default): SELECT code, name FROM corporations WHERE state=true AND code NOT IN (SELECT dest FROM corprelations WHERE src='aaaa')
[2017-06-02 13:12:11.401] [INFO] [default] - Process:5832 is processing
[2017-06-02 13:12:11.401] [INFO] [default] - user:[admin] begin to query related corps
[2017-06-02 13:12:11.405] [INFO] console - Executing (default): SELECT dest, name FROM corprelations WHERE src='aaaa'
[2017-06-02 13:12:11.407] [INFO] [default] - user:[admin] query unrelated corps finished
[2017-06-02 13:12:11.415] [INFO] console - Executing (default): UPDATE `Sessions` SET `expires`='2017-06-02 05:22:11',`updatedAt`='2017-06-02 05:12:11' WHERE `sid` = 'YKZNIi6HMcU-IV3rEovC2gxZdm1_ZiH5'
[2017-06-02 13:12:11.415] [INFO] [default] - user:[admin] query related corps finished
[2017-06-02 13:12:11.418] [INFO] console - Executing (default): UPDATE `Sessions` SET `expires`='2017-06-02 05:22:11',`updatedAt`='2017-06-02 05:12:11' WHERE `sid` = 'YKZNIi6HMcU-IV3rEovC2gxZdm1_ZiH5'
[2017-06-02 13:12:20.044] [INFO] console - Executing (default): SELECT `sid`, `expires`, `data`, `createdAt`, `updatedAt` FROM `Sessions` AS `Session` WHERE `Session`.`sid` = 'YKZNIi6HMcU-IV3rEovC2gxZdm1_ZiH5';
[2017-06-02 13:12:20.052] [INFO] [default] - Process:5832 is processing
[2017-06-02 13:12:20.052] [INFO] [default] - user:[admin] begin to query unrelated corps
[2017-06-02 13:12:20.052] [INFO] console - Executing (default): SELECT code, name FROM corporations WHERE state=true AND code NOT IN (SELECT dest FROM corprelations WHERE src='wz')
[2017-06-02 13:12:20.054] [INFO] [default] - user:[admin] query unrelated corps finished
[2017-06-02 13:12:20.057] [INFO] console - Executing (default): UPDATE `Sessions` SET `expires`='2017-06-02 05:22:20',`updatedAt`='2017-06-02 05:12:20' WHERE `sid` = 'YKZNIi6HMcU-IV3rEovC2gxZdm1_ZiH5'
[2017-06-02 13:12:21.632] [INFO] console - Executing (default): SELECT `sid`, `expires`, `data`, `createdAt`, `updatedAt` FROM `Sessions` AS `Session` WHERE `Session`.`sid` = 'YKZNIi6HMcU-IV3rEovC2gxZdm1_ZiH5';
[2017-06-02 13:12:21.635] [INFO] [default] - Process:5832 is processing
[2017-06-02 13:12:21.635] [INFO] [default] - user:[admin] begin to query unrelated corps
[2017-06-02 13:12:21.636] [INFO] console - Executing (default): SELECT code, name FROM corporations WHERE state=true AND code NOT IN (SELECT dest FROM corprelations WHERE src='aaaa')
[2017-06-02 13:12:21.641] [INFO] [default] - user:[admin] query unrelated corps finished
[2017-06-02 13:12:21.648] [INFO] console - Executing (default): UPDATE `Sessions` SET `expires`='2017-06-02 05:22:21',`updatedAt`='2017-06-02 05:12:21' WHERE `sid` = 'YKZNIi6HMcU-IV3rEovC2gxZdm1_ZiH5'
[2017-06-02 13:12:28.605] [INFO] console - Executing (default): SELECT `sid`, `expires`, `data`, `createdAt`, `updatedAt` FROM `Sessions` AS `Session` WHERE `Session`.`sid` = 'YKZNIi6HMcU-IV3rEovC2gxZdm1_ZiH5';
[2017-06-02 13:12:28.607] [INFO] [default] - Process:5832 is processing
[2017-06-02 13:12:28.608] [INFO] [default] - user:[admin] begin to query related corps
[2017-06-02 13:12:28.608] [INFO] console - Executing (default): SELECT dest, name FROM corprelations WHERE src='ee'
[2017-06-02 13:12:28.618] [INFO] [default] - user:[admin] query related corps finished
[2017-06-02 13:12:28.622] [INFO] console - Executing (default): UPDATE `Sessions` SET `expires`='2017-06-02 05:22:28',`updatedAt`='2017-06-02 05:12:28' WHERE `sid` = 'YKZNIi6HMcU-IV3rEovC2gxZdm1_ZiH5'
[2017-06-02 13:12:32.933] [INFO] console - Executing (default): SELECT `sid`, `expires`, `data`, `createdAt`, `updatedAt` FROM `Sessions` AS `Session` WHERE `Session`.`sid` = 'YKZNIi6HMcU-IV3rEovC2gxZdm1_ZiH5';
[2017-06-02 13:12:32.941] [INFO] [default] - Process:5832 is processing
[2017-06-02 13:12:32.941] [INFO] [default] - user:[admin] begin to query related corps
[2017-06-02 13:12:32.941] [INFO] console - Executing (default): SELECT dest, name FROM corprelations WHERE src='aaaa'
[2017-06-02 13:12:32.944] [INFO] [default] - user:[admin] query related corps finished
[2017-06-02 13:12:32.954] [INFO] console - Executing (default): UPDATE `Sessions` SET `expires`='2017-06-02 05:22:32',`updatedAt`='2017-06-02 05:12:32' WHERE `sid` = 'YKZNIi6HMcU-IV3rEovC2gxZdm1_ZiH5'
[2017-06-02 13:13:41.985] [INFO] console - Executing (default): DELETE FROM `Sessions` WHERE `expires` < '2017-06-02 05:13:41'
[2017-06-02 13:15:41.967] [INFO] console - Executing (default): DELETE FROM `Sessions` WHERE `expires` < '2017-06-02 05:15:41'
[2017-06-02 13:17:42.003] [INFO] console - Executing (default): DELETE FROM `Sessions` WHERE `expires` < '2017-06-02 05:17:41'
[2017-06-02 13:19:41.975] [INFO] console - Executing (default): DELETE FROM `Sessions` WHERE `expires` < '2017-06-02 05:19:41'
[2017-06-02 13:21:41.985] [INFO] console - Executing (default): DELETE FROM `Sessions` WHERE `expires` < '2017-06-02 05:21:41'
[2017-06-02 13:23:41.979] [INFO] console - Executing (default): DELETE FROM `Sessions` WHERE `expires` < '2017-06-02 05:23:41'
[2017-06-02 13:25:41.998] [INFO] console - Executing (default): DELETE FROM `Sessions` WHERE `expires` < '2017-06-02 05:25:41'
[2017-06-02 13:27:42.032] [INFO] console - Executing (default): DELETE FROM `Sessions` WHERE `expires` < '2017-06-02 05:27:41'
[2017-06-02 13:29:41.986] [INFO] console - Executing (default): DELETE FROM `Sessions` WHERE `expires` < '2017-06-02 05:29:41'
[2017-06-02 13:31:42.009] [INFO] console - Executing (default): DELETE FROM `Sessions` WHERE `expires` < '2017-06-02 05:31:41'
[2017-06-02 13:33:41.990] [INFO] console - Executing (default): DELETE FROM `Sessions` WHERE `expires` < '2017-06-02 05:33:41'
[2017-06-02 13:35:42.007] [INFO] console - Executing (default): DELETE FROM `Sessions` WHERE `expires` < '2017-06-02 05:35:41'
[2017-06-02 13:37:42.028] [INFO] console - Executing (default): DELETE FROM `Sessions` WHERE `expires` < '2017-06-02 05:37:41'
[2017-06-02 13:39:42.011] [INFO] console - Executing (default): DELETE FROM `Sessions` WHERE `expires` < '2017-06-02 05:39:41'
[2017-06-02 13:41:42.046] [INFO] console - Executing (default): DELETE FROM `Sessions` WHERE `expires` < '2017-06-02 05:41:41'
[2017-06-02 13:43:42.002] [INFO] console - Executing (default): DELETE FROM `Sessions` WHERE `expires` < '2017-06-02 05:43:41'
[2017-06-02 13:45:42.023] [INFO] console - Executing (default): DELETE FROM `Sessions` WHERE `expires` < '2017-06-02 05:45:41'
[2017-06-02 13:47:42.030] [INFO] console - Executing (default): DELETE FROM `Sessions` WHERE `expires` < '2017-06-02 05:47:42'
[2017-06-02 13:49:42.027] [INFO] console - Executing (default): DELETE FROM `Sessions` WHERE `expires` < '2017-06-02 05:49:42'
[2017-06-02 13:51:42.011] [INFO] console - Executing (default): DELETE FROM `Sessions` WHERE `expires` < '2017-06-02 05:51:42'
[2017-06-02 13:53:42.031] [INFO] console - Executing (default): DELETE FROM `Sessions` WHERE `expires` < '2017-06-02 05:53:42'
[2017-06-02 13:55:42.019] [INFO] console - Executing (default): DELETE FROM `Sessions` WHERE `expires` < '2017-06-02 05:55:42'
[2017-06-02 13:57:42.063] [INFO] console - Executing (default): DELETE FROM `Sessions` WHERE `expires` < '2017-06-02 05:57:42'
[2017-06-02 13:59:42.032] [INFO] console - Executing (default): DELETE FROM `Sessions` WHERE `expires` < '2017-06-02 05:59:42'
[2017-06-02 14:01:42.064] [INFO] console - Executing (default): DELETE FROM `Sessions` WHERE `expires` < '2017-06-02 06:01:42'
[2017-06-02 14:03:42.050] [INFO] console - Executing (default): DELETE FROM `Sessions` WHERE `expires` < '2017-06-02 06:03:42'
[2017-06-02 14:05:42.040] [INFO] console - Executing (default): DELETE FROM `Sessions` WHERE `expires` < '2017-06-02 06:05:42'
[2017-06-02 14:07:42.032] [INFO] console - Executing (default): DELETE FROM `Sessions` WHERE `expires` < '2017-06-02 06:07:42'
[2017-06-02 14:09:42.063] [INFO] console - Executing (default): DELETE FROM `Sessions` WHERE `expires` < '2017-06-02 06:09:42'
[2017-06-02 14:11:42.058] [INFO] console - Executing (default): DELETE FROM `Sessions` WHERE `expires` < '2017-06-02 06:11:42'
[2017-06-02 14:13:42.074] [INFO] console - Executing (default): DELETE FROM `Sessions` WHERE `expires` < '2017-06-02 06:13:42'
[2017-06-02 14:15:42.041] [INFO] console - Executing (default): DELETE FROM `Sessions` WHERE `expires` < '2017-06-02 06:15:42'
[2017-06-02 14:16:09.670] [INFO] console - Executing (default): CREATE TABLE IF NOT EXISTS `Corpdetails` (`id` INTEGER auto_increment , `code` CHAR(4) NOT NULL UNIQUE, `address` VARCHAR(255), `linkman` VARCHAR(255), `tel` VARCHAR(255), `mobile` VARCHAR(255), `createdAt` DATETIME NOT NULL, `updatedAt` DATETIME NOT NULL, UNIQUE `Corpdetails_code_unique` (`code`), PRIMARY KEY (`id`)) ENGINE=InnoDB DEFAULT CHARSET=utf8 COLLATE utf8_general_ci;
[2017-06-02 14:16:09.674] [INFO] console - Executing (default): CREATE TABLE IF NOT EXISTS `Corporations` (`id` INTEGER auto_increment , `code` CHAR(4) NOT NULL UNIQUE, `name` VARCHAR(255), `state` TINYINT(1), `createdAt` DATETIME NOT NULL, `updatedAt` DATETIME NOT NULL, UNIQUE `Corporations_code_unique` (`code`), PRIMARY KEY (`id`)) ENGINE=InnoDB DEFAULT CHARSET=utf8 COLLATE utf8_general_ci;
[2017-06-02 14:16:09.676] [INFO] console - Executing (default): CREATE TABLE IF NOT EXISTS `Corprelations` (`id` INTEGER auto_increment , `src` CHAR(4) NOT NULL, `dest` CHAR(4) NOT NULL, `name` VARCHAR(255), `state` TINYINT(1), `createdAt` DATETIME NOT NULL, `updatedAt` DATETIME NOT NULL, PRIMARY KEY (`id`)) ENGINE=InnoDB DEFAULT CHARSET=utf8 COLLATE utf8_general_ci;
[2017-06-02 14:16:09.682] [INFO] console - Executing (default): CREATE TABLE IF NOT EXISTS `Coupons` (`id` INTEGER auto_increment , `src` CHAR(4) NOT NULL, `dest` CHAR(4) NOT NULL, `couponcode` VARCHAR(255) NOT NULL, `couponno` BIGINT, `discount` VARCHAR(255), `customer` VARCHAR(255), `state` TINYINT(1), `createdAt` DATETIME NOT NULL, `updatedAt` DATETIME NOT NULL, PRIMARY KEY (`id`)) ENGINE=InnoDB DEFAULT CHARSET=utf8 COLLATE utf8_general_ci;
[2017-06-02 14:16:09.684] [INFO] console - Executing (default): CREATE TABLE IF NOT EXISTS `Couponstats` (`id` INTEGER auto_increment , `src` CHAR(4) NOT NULL, `dest` CHAR(4) NOT NULL, `totalnum` INTEGER, `usednum` INTEGER, `createdAt` DATETIME NOT NULL, `updatedAt` DATETIME NOT NULL, UNIQUE `compositeIndex` (`src`, `dest`), PRIMARY KEY (`id`)) ENGINE=InnoDB DEFAULT CHARSET=utf8 COLLATE utf8_general_ci;
[2017-06-02 14:16:09.685] [INFO] console - Executing (default): CREATE TABLE IF NOT EXISTS `Sessions` (`sid` VARCHAR(255) , `userId` VARCHAR(255), `expires` DATETIME, `data` VARCHAR(10000), `createdAt` DATETIME NOT NULL, `updatedAt` DATETIME NOT NULL, PRIMARY KEY (`sid`)) ENGINE=memory DEFAULT CHARSET=utf8 COLLATE utf8_general_ci;
[2017-06-02 14:16:09.685] [INFO] console - Executing (default): CREATE TABLE IF NOT EXISTS `Users` (`id` INTEGER auto_increment , `name` VARCHAR(255) NOT NULL UNIQUE, `password` VARCHAR(255) NOT NULL, `corp` CHAR(4), `auth` INTEGER, `createdAt` DATETIME NOT NULL, `updatedAt` DATETIME NOT NULL, UNIQUE `Users_name_unique` (`name`), PRIMARY KEY (`id`)) ENGINE=InnoDB DEFAULT CHARSET=utf8 COLLATE utf8_general_ci;
[2017-06-02 14:16:09.688] [INFO] console - Executing (default): SHOW INDEX FROM `Corpdetails`
[2017-06-02 14:16:09.689] [INFO] console - Executing (default): SHOW INDEX FROM `Corprelations`
[2017-06-02 14:16:09.694] [INFO] console - Executing (default): SHOW INDEX FROM `Corporations`
[2017-06-02 14:16:09.695] [INFO] console - Executing (default): SHOW INDEX FROM `Coupons`
[2017-06-02 14:16:09.698] [INFO] console - Executing (default): SHOW INDEX FROM `Users`
[2017-06-02 14:16:09.703] [INFO] console - Executing (default): SHOW INDEX FROM `Couponstats`
[2017-06-02 14:16:09.703] [INFO] console - Executing (default): SHOW INDEX FROM `Sessions`
[2017-06-02 14:18:09.410] [INFO] console - Executing (default): DELETE FROM `Sessions` WHERE `expires` < '2017-06-02 06:18:09'
[2017-06-02 14:20:09.440] [INFO] console - Executing (default): DELETE FROM `Sessions` WHERE `expires` < '2017-06-02 06:20:09'
[2017-06-02 14:22:09.409] [INFO] console - Executing (default): DELETE FROM `Sessions` WHERE `expires` < '2017-06-02 06:22:09'
[2017-06-02 14:22:58.899] [INFO] console - Executing (default): SELECT `sid`, `expires`, `data`, `createdAt`, `updatedAt` FROM `Sessions` AS `Session` WHERE `Session`.`sid` = 'YKZNIi6HMcU-IV3rEovC2gxZdm1_ZiH5';
[2017-06-02 14:22:58.903] [INFO] [default] - Process:7444 is processing
[2017-06-02 14:22:58.953] [INFO] console - Executing (default): SELECT `sid`, `expires`, `data`, `createdAt`, `updatedAt` FROM `Sessions` AS `Session` WHERE `Session`.`sid` = 'YKZNIi6HMcU-IV3rEovC2gxZdm1_ZiH5';
[2017-06-02 14:22:58.954] [INFO] [default] - Process:7444 is processing
[2017-06-02 14:22:58.955] [INFO] [default] - user:[::1] open login.html
[2017-06-02 14:23:02.682] [INFO] console - Executing (default): SELECT `sid`, `expires`, `data`, `createdAt`, `updatedAt` FROM `Sessions` AS `Session` WHERE `Session`.`sid` = 'YKZNIi6HMcU-IV3rEovC2gxZdm1_ZiH5';
[2017-06-02 14:23:02.684] [INFO] [default] - Process:7444 is processing
[2017-06-02 14:23:02.684] [INFO] [default] - user:[::1] begin to login
[2017-06-02 14:23:02.686] [INFO] console - Executing (default): SELECT `id`, `name`, `password`, `corp`, `auth`, `createdAt`, `updatedAt` FROM `Users` AS `User` WHERE `User`.`name` = 'admin' AND `User`.`password` = '202cb962ac59075b964b07152d234b70' LIMIT 1;
[2017-06-02 14:23:02.690] [INFO] [default] - user:[admin] login success
[2017-06-02 14:23:02.694] [INFO] console - Executing (default): SELECT `sid`, `expires`, `data`, `createdAt`, `updatedAt` FROM `Sessions` AS `Session` WHERE `Session`.`sid` = 'oO1Se5wM8Kn0c1tNsGo2b8v1bSY_rTJs';
[2017-06-02 14:23:02.703] [INFO] console - Executing (default): INSERT INTO `Sessions` (`sid`,`expires`,`data`,`createdAt`,`updatedAt`) VALUES ('oO1Se5wM8Kn0c1tNsGo2b8v1bSY_rTJs','2017-06-02 06:33:02','{\"cookie\":{\"originalMaxAge\":null,\"expires\":null,\"httpOnly\":true,\"path\":\"/\"},\"user\":\"admin\",\"corp\":\"wx\"}','2017-06-02 06:23:02','2017-06-02 06:23:02');
[2017-06-02 14:23:02.715] [INFO] console - Executing (default): SELECT `sid`, `expires`, `data`, `createdAt`, `updatedAt` FROM `Sessions` AS `Session` WHERE `Session`.`sid` = 'oO1Se5wM8Kn0c1tNsGo2b8v1bSY_rTJs';
[2017-06-02 14:23:02.717] [INFO] [default] - Process:7444 is processing
[2017-06-02 14:23:02.718] [INFO] [default] - user:[admin] open check.html
[2017-06-02 14:23:02.731] [INFO] console - Executing (default): UPDATE `Sessions` SET `expires`='2017-06-02 06:33:02',`updatedAt`='2017-06-02 06:23:02' WHERE `sid` = 'oO1Se5wM8Kn0c1tNsGo2b8v1bSY_rTJs'
[2017-06-02 14:23:05.626] [INFO] console - Executing (default): SELECT `sid`, `expires`, `data`, `createdAt`, `updatedAt` FROM `Sessions` AS `Session` WHERE `Session`.`sid` = 'oO1Se5wM8Kn0c1tNsGo2b8v1bSY_rTJs';
[2017-06-02 14:23:05.628] [INFO] [default] - Process:7444 is processing
[2017-06-02 14:23:05.629] [INFO] [default] - user:[admin] open corprelation.html
[2017-06-02 14:23:05.629] [INFO] console - Executing (default): SELECT `id`, `code`, `name`, `state`, `createdAt`, `updatedAt` FROM `Corporations` AS `Corporation`;
[2017-06-02 14:23:05.632] [INFO] [default] - user:[admin] corprelation.html initialize
[2017-06-02 14:23:05.661] [INFO] console - Executing (default): UPDATE `Sessions` SET `expires`='2017-06-02 06:33:05',`updatedAt`='2017-06-02 06:23:05' WHERE `sid` = 'oO1Se5wM8Kn0c1tNsGo2b8v1bSY_rTJs'
[2017-06-02 14:23:05.775] [INFO] console - Executing (default): SELECT `sid`, `expires`, `data`, `createdAt`, `updatedAt` FROM `Sessions` AS `Session` WHERE `Session`.`sid` = 'oO1Se5wM8Kn0c1tNsGo2b8v1bSY_rTJs';
[2017-06-02 14:23:05.781] [INFO] console - Executing (default): SELECT `sid`, `expires`, `data`, `createdAt`, `updatedAt` FROM `Sessions` AS `Session` WHERE `Session`.`sid` = 'oO1Se5wM8Kn0c1tNsGo2b8v1bSY_rTJs';
[2017-06-02 14:23:05.782] [INFO] [default] - Process:7444 is processing
[2017-06-02 14:23:05.782] [INFO] [default] - user:[admin] begin to query unrelated corps
[2017-06-02 14:23:05.788] [INFO] console - Executing (default): SELECT code, name FROM corporations WHERE state=true AND code NOT IN (SELECT dest FROM corprelations WHERE src='wz')
[2017-06-02 14:23:05.789] [INFO] [default] - Process:7444 is processing
[2017-06-02 14:23:05.789] [INFO] [default] - user:[admin] begin to query related corps
[2017-06-02 14:23:05.792] [INFO] console - Executing (default): SELECT dest, name FROM corprelations WHERE src='wz'
[2017-06-02 14:23:05.793] [INFO] [default] - user:[admin] query unrelated corps finished
[2017-06-02 14:23:05.796] [INFO] console - Executing (default): UPDATE `Sessions` SET `expires`='2017-06-02 06:33:05',`updatedAt`='2017-06-02 06:23:05' WHERE `sid` = 'oO1Se5wM8Kn0c1tNsGo2b8v1bSY_rTJs'
[2017-06-02 14:23:05.800] [INFO] [default] - user:[admin] query related corps finished
[2017-06-02 14:23:05.805] [INFO] console - Executing (default): UPDATE `Sessions` SET `expires`='2017-06-02 06:33:05',`updatedAt`='2017-06-02 06:23:05' WHERE `sid` = 'oO1Se5wM8Kn0c1tNsGo2b8v1bSY_rTJs'
[2017-06-02 14:23:08.430] [INFO] console - Executing (default): SELECT `sid`, `expires`, `data`, `createdAt`, `updatedAt` FROM `Sessions` AS `Session` WHERE `Session`.`sid` = 'oO1Se5wM8Kn0c1tNsGo2b8v1bSY_rTJs';
[2017-06-02 14:23:08.438] [INFO] [default] - Process:7444 is processing
[2017-06-02 14:23:08.439] [INFO] [default] - user:[admin] open generate.html
[2017-06-02 14:23:08.444] [INFO] console - Executing (default): SELECT `id`, `src`, `dest`, `name`, `state`, `createdAt`, `updatedAt` FROM `Corprelations` AS `Corprelation` WHERE `Corprelation`.`src` = 'wx' AND `Corprelation`.`state` = true;
[2017-06-02 14:23:08.448] [INFO] [default] - user:[admin] generate.html initialize
[2017-06-02 14:23:08.496] [INFO] console - Executing (default): UPDATE `Sessions` SET `expires`='2017-06-02 06:33:08',`updatedAt`='2017-06-02 06:23:08' WHERE `sid` = 'oO1Se5wM8Kn0c1tNsGo2b8v1bSY_rTJs'
[2017-06-02 14:24:09.407] [INFO] console - Executing (default): DELETE FROM `Sessions` WHERE `expires` < '2017-06-02 06:24:09'
[2017-06-02 14:24:51.275] [INFO] console - Executing (default): SELECT `sid`, `expires`, `data`, `createdAt`, `updatedAt` FROM `Sessions` AS `Session` WHERE `Session`.`sid` = 'oO1Se5wM8Kn0c1tNsGo2b8v1bSY_rTJs';
[2017-06-02 14:24:51.276] [INFO] [default] - Process:7444 is processing
[2017-06-02 14:24:51.399] [ERROR] [default] - user:[admin] TOPClientError: Remote service error, code 15; isv.INVALID_JSON_PARAM: JSON参数不合法，只接受字符串值
    at E:\NodejsWorkspace\catch\core\topClient.js:127:23
    at done (E:\NodejsWorkspace\catch\node_modules\urllib\lib\urllib.js:444:5)
    at E:\NodejsWorkspace\catch\node_modules\urllib\lib\urllib.js:693:9
    at decodeContent (E:\NodejsWorkspace\catch\node_modules\urllib\lib\urllib.js:517:14)
    at IncomingMessage.<anonymous> (E:\NodejsWorkspace\catch\node_modules\urllib\lib\urllib.js:658:7)
    at emitNone (events.js:91:20)
    at IncomingMessage.emit (events.js:185:7)
    at endReadableNT (_stream_readable.js:974:12)
    at _combinedTickCallback (internal/process/next_tick.js:80:11)
    at process._tickCallback (internal/process/next_tick.js:104:9)
[2017-06-02 14:24:51.401] [INFO] console - Executing (default): SELECT `sid`, `expires`, `data`, `createdAt`, `updatedAt` FROM `Sessions` AS `Session` WHERE `Session`.`sid` = 'oO1Se5wM8Kn0c1tNsGo2b8v1bSY_rTJs';
[2017-06-02 14:24:51.408] [INFO] console - Executing (default): UPDATE `Sessions` SET `expires`='2017-06-02 06:34:51',`data`='{\"cookie\":{\"originalMaxAge\":null,\"expires\":null,\"httpOnly\":true,\"path\":\"/\"},\"user\":\"admin\",\"corp\":\"wx\",\"mobile\":\"13621700192\",\"msgcode\":4825}',`updatedAt`='2017-06-02 06:24:51' WHERE `sid` = 'oO1Se5wM8Kn0c1tNsGo2b8v1bSY_rTJs'
[2017-06-02 14:26:09.427] [INFO] console - Executing (default): DELETE FROM `Sessions` WHERE `expires` < '2017-06-02 06:26:09'
[2017-06-02 14:28:09.409] [INFO] console - Executing (default): DELETE FROM `Sessions` WHERE `expires` < '2017-06-02 06:28:09'
[2017-06-02 14:30:09.440] [INFO] console - Executing (default): DELETE FROM `Sessions` WHERE `expires` < '2017-06-02 06:30:09'
[2017-06-02 14:32:09.435] [INFO] console - Executing (default): DELETE FROM `Sessions` WHERE `expires` < '2017-06-02 06:32:09'
[2017-06-02 14:34:09.443] [INFO] console - Executing (default): DELETE FROM `Sessions` WHERE `expires` < '2017-06-02 06:34:09'
[2017-06-02 14:36:09.445] [INFO] console - Executing (default): DELETE FROM `Sessions` WHERE `expires` < '2017-06-02 06:36:09'
[2017-06-02 14:38:09.436] [INFO] console - Executing (default): DELETE FROM `Sessions` WHERE `expires` < '2017-06-02 06:38:09'
[2017-06-02 14:40:09.452] [INFO] console - Executing (default): DELETE FROM `Sessions` WHERE `expires` < '2017-06-02 06:40:09'
[2017-06-02 14:41:03.511] [INFO] console - Executing (default): CREATE TABLE IF NOT EXISTS `Corpdetails` (`id` INTEGER auto_increment , `code` CHAR(4) NOT NULL UNIQUE, `address` VARCHAR(255), `linkman` VARCHAR(255), `tel` VARCHAR(255), `mobile` VARCHAR(255), `createdAt` DATETIME NOT NULL, `updatedAt` DATETIME NOT NULL, UNIQUE `Corpdetails_code_unique` (`code`), PRIMARY KEY (`id`)) ENGINE=InnoDB DEFAULT CHARSET=utf8 COLLATE utf8_general_ci;
[2017-06-02 14:41:03.516] [INFO] console - Executing (default): CREATE TABLE IF NOT EXISTS `Corporations` (`id` INTEGER auto_increment , `code` CHAR(4) NOT NULL UNIQUE, `name` VARCHAR(255), `state` TINYINT(1), `createdAt` DATETIME NOT NULL, `updatedAt` DATETIME NOT NULL, UNIQUE `Corporations_code_unique` (`code`), PRIMARY KEY (`id`)) ENGINE=InnoDB DEFAULT CHARSET=utf8 COLLATE utf8_general_ci;
[2017-06-02 14:41:03.518] [INFO] console - Executing (default): CREATE TABLE IF NOT EXISTS `Corprelations` (`id` INTEGER auto_increment , `src` CHAR(4) NOT NULL, `dest` CHAR(4) NOT NULL, `name` VARCHAR(255), `state` TINYINT(1), `createdAt` DATETIME NOT NULL, `updatedAt` DATETIME NOT NULL, PRIMARY KEY (`id`)) ENGINE=InnoDB DEFAULT CHARSET=utf8 COLLATE utf8_general_ci;
[2017-06-02 14:41:03.519] [INFO] console - Executing (default): CREATE TABLE IF NOT EXISTS `Coupons` (`id` INTEGER auto_increment , `src` CHAR(4) NOT NULL, `dest` CHAR(4) NOT NULL, `couponcode` VARCHAR(255) NOT NULL, `couponno` BIGINT, `discount` VARCHAR(255), `customer` VARCHAR(255), `state` TINYINT(1), `createdAt` DATETIME NOT NULL, `updatedAt` DATETIME NOT NULL, PRIMARY KEY (`id`)) ENGINE=InnoDB DEFAULT CHARSET=utf8 COLLATE utf8_general_ci;
[2017-06-02 14:41:03.532] [INFO] console - Executing (default): CREATE TABLE IF NOT EXISTS `Couponstats` (`id` INTEGER auto_increment , `src` CHAR(4) NOT NULL, `dest` CHAR(4) NOT NULL, `totalnum` INTEGER, `usednum` INTEGER, `createdAt` DATETIME NOT NULL, `updatedAt` DATETIME NOT NULL, UNIQUE `compositeIndex` (`src`, `dest`), PRIMARY KEY (`id`)) ENGINE=InnoDB DEFAULT CHARSET=utf8 COLLATE utf8_general_ci;
[2017-06-02 14:41:03.534] [INFO] console - Executing (default): CREATE TABLE IF NOT EXISTS `Sessions` (`sid` VARCHAR(255) , `userId` VARCHAR(255), `expires` DATETIME, `data` VARCHAR(10000), `createdAt` DATETIME NOT NULL, `updatedAt` DATETIME NOT NULL, PRIMARY KEY (`sid`)) ENGINE=memory DEFAULT CHARSET=utf8 COLLATE utf8_general_ci;
[2017-06-02 14:41:03.535] [INFO] console - Executing (default): CREATE TABLE IF NOT EXISTS `Users` (`id` INTEGER auto_increment , `name` VARCHAR(255) NOT NULL UNIQUE, `password` VARCHAR(255) NOT NULL, `corp` CHAR(4), `auth` INTEGER, `createdAt` DATETIME NOT NULL, `updatedAt` DATETIME NOT NULL, UNIQUE `Users_name_unique` (`name`), PRIMARY KEY (`id`)) ENGINE=InnoDB DEFAULT CHARSET=utf8 COLLATE utf8_general_ci;
[2017-06-02 14:41:03.535] [INFO] console - Executing (default): SHOW INDEX FROM `Corpdetails`
[2017-06-02 14:41:03.536] [INFO] console - Executing (default): SHOW INDEX FROM `Corporations`
[2017-06-02 14:41:03.538] [INFO] console - Executing (default): SHOW INDEX FROM `Corprelations`
[2017-06-02 14:41:03.539] [INFO] console - Executing (default): SHOW INDEX FROM `Coupons`
[2017-06-02 14:41:03.541] [INFO] console - Executing (default): SHOW INDEX FROM `Couponstats`
[2017-06-02 14:41:03.544] [INFO] console - Executing (default): SHOW INDEX FROM `Sessions`
[2017-06-02 14:41:03.545] [INFO] console - Executing (default): SHOW INDEX FROM `Users`
[2017-06-02 14:43:03.345] [INFO] console - Executing (default): DELETE FROM `Sessions` WHERE `expires` < '2017-06-02 06:43:03'
[2017-06-02 14:44:14.397] [INFO] console - Executing (default): SELECT `sid`, `expires`, `data`, `createdAt`, `updatedAt` FROM `Sessions` AS `Session` WHERE `Session`.`sid` = 'oO1Se5wM8Kn0c1tNsGo2b8v1bSY_rTJs';
[2017-06-02 14:44:14.403] [INFO] [default] - Process:8328 is processing
[2017-06-02 14:44:14.422] [INFO] console - Executing (default): SELECT `sid`, `expires`, `data`, `createdAt`, `updatedAt` FROM `Sessions` AS `Session` WHERE `Session`.`sid` = 'oO1Se5wM8Kn0c1tNsGo2b8v1bSY_rTJs';
[2017-06-02 14:44:14.424] [INFO] [default] - Process:8328 is processing
[2017-06-02 14:44:14.425] [INFO] [default] - user:[::1] open login.html
[2017-06-02 14:44:17.687] [INFO] console - Executing (default): SELECT `sid`, `expires`, `data`, `createdAt`, `updatedAt` FROM `Sessions` AS `Session` WHERE `Session`.`sid` = 'oO1Se5wM8Kn0c1tNsGo2b8v1bSY_rTJs';
[2017-06-02 14:44:17.688] [INFO] [default] - Process:8328 is processing
[2017-06-02 14:44:17.689] [INFO] [default] - user:[::1] begin to login
[2017-06-02 14:44:17.691] [INFO] console - Executing (default): SELECT `id`, `name`, `password`, `corp`, `auth`, `createdAt`, `updatedAt` FROM `Users` AS `User` WHERE `User`.`name` = 'admin' AND `User`.`password` = '202cb962ac59075b964b07152d234b70' LIMIT 1;
[2017-06-02 14:44:17.694] [INFO] [default] - user:[admin] login success
[2017-06-02 14:44:17.699] [INFO] console - Executing (default): SELECT `sid`, `expires`, `data`, `createdAt`, `updatedAt` FROM `Sessions` AS `Session` WHERE `Session`.`sid` = 'mm9I8Uv2c9-VsXqdsLcjTV2lC9dVscGc';
[2017-06-02 14:44:17.707] [INFO] console - Executing (default): INSERT INTO `Sessions` (`sid`,`expires`,`data`,`createdAt`,`updatedAt`) VALUES ('mm9I8Uv2c9-VsXqdsLcjTV2lC9dVscGc','2017-06-02 06:54:17','{\"cookie\":{\"originalMaxAge\":null,\"expires\":null,\"httpOnly\":true,\"path\":\"/\"},\"user\":\"admin\",\"corp\":\"wx\"}','2017-06-02 06:44:17','2017-06-02 06:44:17');
[2017-06-02 14:44:17.717] [INFO] console - Executing (default): SELECT `sid`, `expires`, `data`, `createdAt`, `updatedAt` FROM `Sessions` AS `Session` WHERE `Session`.`sid` = 'mm9I8Uv2c9-VsXqdsLcjTV2lC9dVscGc';
[2017-06-02 14:44:17.721] [INFO] [default] - Process:8328 is processing
[2017-06-02 14:44:17.721] [INFO] [default] - user:[admin] open check.html
[2017-06-02 14:44:17.732] [INFO] console - Executing (default): UPDATE `Sessions` SET `expires`='2017-06-02 06:54:17',`updatedAt`='2017-06-02 06:44:17' WHERE `sid` = 'mm9I8Uv2c9-VsXqdsLcjTV2lC9dVscGc'
[2017-06-02 14:44:19.408] [INFO] console - Executing (default): SELECT `sid`, `expires`, `data`, `createdAt`, `updatedAt` FROM `Sessions` AS `Session` WHERE `Session`.`sid` = 'mm9I8Uv2c9-VsXqdsLcjTV2lC9dVscGc';
[2017-06-02 14:44:19.419] [INFO] [default] - Process:8328 is processing
[2017-06-02 14:44:19.419] [INFO] [default] - user:[admin] open generate.html
[2017-06-02 14:44:19.422] [INFO] console - Executing (default): SELECT `id`, `src`, `dest`, `name`, `state`, `createdAt`, `updatedAt` FROM `Corprelations` AS `Corprelation` WHERE `Corprelation`.`src` = 'wx' AND `Corprelation`.`state` = true;
[2017-06-02 14:44:19.427] [INFO] [default] - user:[admin] generate.html initialize
[2017-06-02 14:44:19.446] [INFO] console - Executing (default): UPDATE `Sessions` SET `expires`='2017-06-02 06:54:19',`updatedAt`='2017-06-02 06:44:19' WHERE `sid` = 'mm9I8Uv2c9-VsXqdsLcjTV2lC9dVscGc'
[2017-06-02 14:44:26.558] [INFO] console - Executing (default): SELECT `sid`, `expires`, `data`, `createdAt`, `updatedAt` FROM `Sessions` AS `Session` WHERE `Session`.`sid` = 'mm9I8Uv2c9-VsXqdsLcjTV2lC9dVscGc';
[2017-06-02 14:44:26.560] [INFO] [default] - Process:8328 is processing
[2017-06-02 14:44:26.690] [ERROR] [default] - user:[admin] mobile:[13621700192] send fail:undefined
[2017-06-02 14:44:26.693] [INFO] console - Executing (default): SELECT `sid`, `expires`, `data`, `createdAt`, `updatedAt` FROM `Sessions` AS `Session` WHERE `Session`.`sid` = 'mm9I8Uv2c9-VsXqdsLcjTV2lC9dVscGc';
[2017-06-02 14:44:26.699] [INFO] console - Executing (default): UPDATE `Sessions` SET `expires`='2017-06-02 06:54:26',`data`='{\"cookie\":{\"originalMaxAge\":null,\"expires\":null,\"httpOnly\":true,\"path\":\"/\"},\"user\":\"admin\",\"corp\":\"wx\",\"mobile\":\"13621700192\",\"msgcode\":6249}',`updatedAt`='2017-06-02 06:44:26' WHERE `sid` = 'mm9I8Uv2c9-VsXqdsLcjTV2lC9dVscGc'
[2017-06-02 14:45:03.333] [INFO] console - Executing (default): DELETE FROM `Sessions` WHERE `expires` < '2017-06-02 06:45:03'
[2017-06-02 14:45:19.660] [INFO] console - Executing (default): SELECT `sid`, `expires`, `data`, `createdAt`, `updatedAt` FROM `Sessions` AS `Session` WHERE `Session`.`sid` = 'mm9I8Uv2c9-VsXqdsLcjTV2lC9dVscGc';
[2017-06-02 14:45:19.663] [INFO] [default] - Process:8328 is processing
[2017-06-02 14:45:19.664] [INFO] [default] - user:[admin] open generate.html
[2017-06-02 15:08:18.248] [INFO] console - Executing (default): SELECT `id`, `src`, `dest`, `name`, `state`, `createdAt`, `updatedAt` FROM `Corprelations` AS `Corprelation` WHERE `Corprelation`.`src` = 'wx' AND `Corprelation`.`state` = true;
[2017-06-02 15:08:21.717] [INFO] console - Executing (default): DELETE FROM `Sessions` WHERE `expires` < '2017-06-02 07:08:19'
[2017-06-02 15:08:21.793] [INFO] console - Executing (default): SELECT `sid`, `expires`, `data`, `createdAt`, `updatedAt` FROM `Sessions` AS `Session` WHERE `Session`.`sid` = 'mm9I8Uv2c9-VsXqdsLcjTV2lC9dVscGc';
[2017-06-02 15:08:22.392] [INFO] [default] - Process:8328 is processing
[2017-06-02 15:08:22.424] [INFO] [default] - user:[admin] open generate.html
[2017-06-02 15:08:22.426] [INFO] console - Executing (default): SELECT `id`, `src`, `dest`, `name`, `state`, `createdAt`, `updatedAt` FROM `Corprelations` AS `Corprelation` WHERE `Corprelation`.`src` = 'wx' AND `Corprelation`.`state` = true;
[2017-06-02 15:08:22.610] [INFO] [default] - user:[admin] generate.html initialize
[2017-06-02 15:08:22.817] [INFO] [default] - user:[admin] generate.html initialize
[2017-06-02 15:08:24.013] [INFO] console - Executing (default): UPDATE `Sessions` SET `expires`='2017-06-02 07:18:23',`updatedAt`='2017-06-02 07:08:23' WHERE `sid` = 'mm9I8Uv2c9-VsXqdsLcjTV2lC9dVscGc'
[2017-06-02 15:08:24.179] [INFO] console - Executing (default): UPDATE `Sessions` SET `expires`='2017-06-02 07:18:24',`updatedAt`='2017-06-02 07:08:24' WHERE `sid` = 'mm9I8Uv2c9-VsXqdsLcjTV2lC9dVscGc'
[2017-06-02 15:10:19.551] [INFO] console - Executing (default): DELETE FROM `Sessions` WHERE `expires` < '2017-06-02 07:10:19'
[2017-06-02 15:12:19.252] [INFO] console - Executing (default): DELETE FROM `Sessions` WHERE `expires` < '2017-06-02 07:12:19'
[2017-06-02 15:14:19.229] [INFO] console - Executing (default): DELETE FROM `Sessions` WHERE `expires` < '2017-06-02 07:14:19'
[2017-06-02 15:16:19.102] [INFO] console - Executing (default): DELETE FROM `Sessions` WHERE `expires` < '2017-06-02 07:16:19'
[2017-06-02 15:18:19.136] [INFO] console - Executing (default): DELETE FROM `Sessions` WHERE `expires` < '2017-06-02 07:18:19'
[2017-06-02 15:20:19.177] [INFO] console - Executing (default): DELETE FROM `Sessions` WHERE `expires` < '2017-06-02 07:20:19'
[2017-06-02 15:22:19.227] [INFO] console - Executing (default): DELETE FROM `Sessions` WHERE `expires` < '2017-06-02 07:22:19'
[2017-06-02 15:24:19.160] [INFO] console - Executing (default): DELETE FROM `Sessions` WHERE `expires` < '2017-06-02 07:24:19'
[2017-06-02 15:26:19.242] [INFO] console - Executing (default): DELETE FROM `Sessions` WHERE `expires` < '2017-06-02 07:26:19'
[2017-06-02 15:28:19.197] [INFO] console - Executing (default): DELETE FROM `Sessions` WHERE `expires` < '2017-06-02 07:28:19'
[2017-06-02 15:30:19.174] [INFO] console - Executing (default): DELETE FROM `Sessions` WHERE `expires` < '2017-06-02 07:30:19'
[2017-06-02 15:31:23.665] [INFO] console - Executing (default): SELECT `sid`, `expires`, `data`, `createdAt`, `updatedAt` FROM `Sessions` AS `Session` WHERE `Session`.`sid` = 'mm9I8Uv2c9-VsXqdsLcjTV2lC9dVscGc';
[2017-06-02 15:31:23.927] [INFO] [default] - Process:8328 is processing
[2017-06-02 15:31:24.686] [INFO] console - Executing (default): SELECT `sid`, `expires`, `data`, `createdAt`, `updatedAt` FROM `Sessions` AS `Session` WHERE `Session`.`sid` = 'mm9I8Uv2c9-VsXqdsLcjTV2lC9dVscGc';
[2017-06-02 15:31:24.688] [INFO] [default] - Process:8328 is processing
[2017-06-02 15:31:24.984] [INFO] console - Executing (default): SELECT `sid`, `expires`, `data`, `createdAt`, `updatedAt` FROM `Sessions` AS `Session` WHERE `Session`.`sid` = 'mm9I8Uv2c9-VsXqdsLcjTV2lC9dVscGc';
[2017-06-02 15:31:24.989] [INFO] [default] - Process:8328 is processing
[2017-06-02 15:31:24.992] [INFO] [default] - user:[::1] open login.html
[2017-06-02 15:31:26.687] [INFO] console - Executing (default): SELECT `sid`, `expires`, `data`, `createdAt`, `updatedAt` FROM `Sessions` AS `Session` WHERE `Session`.`sid` = 'mm9I8Uv2c9-VsXqdsLcjTV2lC9dVscGc';
[2017-06-02 15:31:26.691] [INFO] [default] - Process:8328 is processing
[2017-06-02 15:31:26.696] [INFO] console - Executing (default): SELECT `sid`, `expires`, `data`, `createdAt`, `updatedAt` FROM `Sessions` AS `Session` WHERE `Session`.`sid` = 'mm9I8Uv2c9-VsXqdsLcjTV2lC9dVscGc';
[2017-06-02 15:31:26.697] [INFO] [default] - Process:8328 is processing
[2017-06-02 15:31:26.698] [INFO] [default] - user:[::1] open login.html
[2017-06-02 15:31:33.911] [INFO] console - Executing (default): SELECT `sid`, `expires`, `data`, `createdAt`, `updatedAt` FROM `Sessions` AS `Session` WHERE `Session`.`sid` = 'mm9I8Uv2c9-VsXqdsLcjTV2lC9dVscGc';
[2017-06-02 15:31:33.923] [INFO] [default] - Process:8328 is processing
[2017-06-02 15:31:33.936] [INFO] [default] - user:[::1] begin to login
[2017-06-02 15:31:33.937] [INFO] console - Executing (default): SELECT `id`, `name`, `password`, `corp`, `auth`, `createdAt`, `updatedAt` FROM `Users` AS `User` WHERE `User`.`name` = 'admin' AND `User`.`password` = '202cb962ac59075b964b07152d234b70' LIMIT 1;
[2017-06-02 15:31:34.080] [INFO] [default] - user:[admin] login success
[2017-06-02 15:31:34.094] [INFO] console - Executing (default): SELECT `sid`, `expires`, `data`, `createdAt`, `updatedAt` FROM `Sessions` AS `Session` WHERE `Session`.`sid` = 'chhJDh2kWSQCb1Abr9q_LI1ZDu9O9Fbw';
[2017-06-02 15:31:34.172] [INFO] console - Executing (default): INSERT INTO `Sessions` (`sid`,`expires`,`data`,`createdAt`,`updatedAt`) VALUES ('chhJDh2kWSQCb1Abr9q_LI1ZDu9O9Fbw','2017-06-02 07:41:34','{\"cookie\":{\"originalMaxAge\":null,\"expires\":null,\"httpOnly\":true,\"path\":\"/\"},\"user\":\"admin\",\"corp\":\"wx\"}','2017-06-02 07:31:34','2017-06-02 07:31:34');
[2017-06-02 15:31:34.248] [INFO] console - Executing (default): SELECT `sid`, `expires`, `data`, `createdAt`, `updatedAt` FROM `Sessions` AS `Session` WHERE `Session`.`sid` = 'chhJDh2kWSQCb1Abr9q_LI1ZDu9O9Fbw';
[2017-06-02 15:31:34.253] [INFO] [default] - Process:8328 is processing
[2017-06-02 15:31:34.254] [INFO] [default] - user:[admin] open check.html
[2017-06-02 15:31:34.308] [INFO] console - Executing (default): UPDATE `Sessions` SET `expires`='2017-06-02 07:41:34',`updatedAt`='2017-06-02 07:31:34' WHERE `sid` = 'chhJDh2kWSQCb1Abr9q_LI1ZDu9O9Fbw'
[2017-06-02 15:31:34.992] [INFO] console - Executing (default): SELECT `sid`, `expires`, `data`, `createdAt`, `updatedAt` FROM `Sessions` AS `Session` WHERE `Session`.`sid` = 'chhJDh2kWSQCb1Abr9q_LI1ZDu9O9Fbw';
[2017-06-02 15:31:35.003] [INFO] [default] - Process:8328 is processing
[2017-06-02 15:31:35.040] [INFO] console - Executing (default): UPDATE `Sessions` SET `expires`='2017-06-02 07:41:35',`updatedAt`='2017-06-02 07:31:35' WHERE `sid` = 'chhJDh2kWSQCb1Abr9q_LI1ZDu9O9Fbw'
[2017-06-02 15:31:36.634] [INFO] console - Executing (default): SELECT `sid`, `expires`, `data`, `createdAt`, `updatedAt` FROM `Sessions` AS `Session` WHERE `Session`.`sid` = 'chhJDh2kWSQCb1Abr9q_LI1ZDu9O9Fbw';
[2017-06-02 15:31:36.638] [INFO] [default] - Process:8328 is processing
[2017-06-02 15:31:36.639] [INFO] [default] - user:[admin] open generate.html
[2017-06-02 15:31:36.644] [INFO] console - Executing (default): SELECT `id`, `src`, `dest`, `name`, `state`, `createdAt`, `updatedAt` FROM `Corprelations` AS `Corprelation` WHERE `Corprelation`.`src` = 'wx' AND `Corprelation`.`state` = true;
[2017-06-02 15:31:36.659] [INFO] [default] - user:[admin] generate.html initialize
[2017-06-02 15:31:36.759] [INFO] console - Executing (default): UPDATE `Sessions` SET `expires`='2017-06-02 07:41:36',`updatedAt`='2017-06-02 07:31:36' WHERE `sid` = 'chhJDh2kWSQCb1Abr9q_LI1ZDu9O9Fbw'
[2017-06-02 15:31:45.700] [INFO] console - Executing (default): SELECT `sid`, `expires`, `data`, `createdAt`, `updatedAt` FROM `Sessions` AS `Session` WHERE `Session`.`sid` = 'chhJDh2kWSQCb1Abr9q_LI1ZDu9O9Fbw';
[2017-06-02 15:31:45.705] [INFO] [default] - Process:8328 is processing
[2017-06-02 15:33:43.024] [ERROR] [default] - user:[admin] mobile:[13621700192] send fail:undefined
[2017-06-02 15:33:43.029] [INFO] console - Executing (default): SELECT `sid`, `expires`, `data`, `createdAt`, `updatedAt` FROM `Sessions` AS `Session` WHERE `Session`.`sid` = 'chhJDh2kWSQCb1Abr9q_LI1ZDu9O9Fbw';
[2017-06-02 15:33:43.063] [INFO] console - Executing (default): DELETE FROM `Sessions` WHERE `expires` < '2017-06-02 07:33:43'
[2017-06-02 15:33:43.073] [INFO] console - Executing (default): UPDATE `Sessions` SET `expires`='2017-06-02 07:43:43',`data`='{\"cookie\":{\"originalMaxAge\":null,\"expires\":null,\"httpOnly\":true,\"path\":\"/\"},\"user\":\"admin\",\"corp\":\"wx\",\"mobile\":\"13621700192\",\"msgcode\":4830}',`updatedAt`='2017-06-02 07:33:43' WHERE `sid` = 'chhJDh2kWSQCb1Abr9q_LI1ZDu9O9Fbw'
[2017-06-02 15:33:57.972] [INFO] console - Executing (default): SELECT `sid`, `expires`, `data`, `createdAt`, `updatedAt` FROM `Sessions` AS `Session` WHERE `Session`.`sid` = 'chhJDh2kWSQCb1Abr9q_LI1ZDu9O9Fbw';
[2017-06-02 15:33:57.998] [INFO] [default] - Process:8328 is processing
[2017-06-02 15:34:01.455] [ERROR] [default] - user:[admin] mobile:[13621700192] send fail:undefined
[2017-06-02 15:34:01.466] [INFO] console - Executing (default): SELECT `sid`, `expires`, `data`, `createdAt`, `updatedAt` FROM `Sessions` AS `Session` WHERE `Session`.`sid` = 'chhJDh2kWSQCb1Abr9q_LI1ZDu9O9Fbw';
[2017-06-02 15:34:01.474] [INFO] console - Executing (default): UPDATE `Sessions` SET `expires`='2017-06-02 07:44:01',`data`='{\"cookie\":{\"originalMaxAge\":null,\"expires\":null,\"httpOnly\":true,\"path\":\"/\"},\"user\":\"admin\",\"corp\":\"wx\",\"mobile\":\"13621700192\",\"msgcode\":6002}',`updatedAt`='2017-06-02 07:34:01' WHERE `sid` = 'chhJDh2kWSQCb1Abr9q_LI1ZDu9O9Fbw'
[2017-06-02 15:34:27.574] [INFO] console - Executing (default): CREATE TABLE IF NOT EXISTS `Corpdetails` (`id` INTEGER auto_increment , `code` CHAR(4) NOT NULL UNIQUE, `address` VARCHAR(255), `linkman` VARCHAR(255), `tel` VARCHAR(255), `mobile` VARCHAR(255), `createdAt` DATETIME NOT NULL, `updatedAt` DATETIME NOT NULL, UNIQUE `Corpdetails_code_unique` (`code`), PRIMARY KEY (`id`)) ENGINE=InnoDB DEFAULT CHARSET=utf8 COLLATE utf8_general_ci;
[2017-06-02 15:34:27.585] [INFO] console - Executing (default): CREATE TABLE IF NOT EXISTS `Corporations` (`id` INTEGER auto_increment , `code` CHAR(4) NOT NULL UNIQUE, `name` VARCHAR(255), `state` TINYINT(1), `createdAt` DATETIME NOT NULL, `updatedAt` DATETIME NOT NULL, UNIQUE `Corporations_code_unique` (`code`), PRIMARY KEY (`id`)) ENGINE=InnoDB DEFAULT CHARSET=utf8 COLLATE utf8_general_ci;
[2017-06-02 15:34:27.586] [INFO] console - Executing (default): CREATE TABLE IF NOT EXISTS `Corprelations` (`id` INTEGER auto_increment , `src` CHAR(4) NOT NULL, `dest` CHAR(4) NOT NULL, `name` VARCHAR(255), `state` TINYINT(1), `createdAt` DATETIME NOT NULL, `updatedAt` DATETIME NOT NULL, PRIMARY KEY (`id`)) ENGINE=InnoDB DEFAULT CHARSET=utf8 COLLATE utf8_general_ci;
[2017-06-02 15:34:27.678] [INFO] console - Executing (default): CREATE TABLE IF NOT EXISTS `Coupons` (`id` INTEGER auto_increment , `src` CHAR(4) NOT NULL, `dest` CHAR(4) NOT NULL, `couponcode` VARCHAR(255) NOT NULL, `couponno` BIGINT, `discount` VARCHAR(255), `customer` VARCHAR(255), `state` TINYINT(1), `createdAt` DATETIME NOT NULL, `updatedAt` DATETIME NOT NULL, PRIMARY KEY (`id`)) ENGINE=InnoDB DEFAULT CHARSET=utf8 COLLATE utf8_general_ci;
[2017-06-02 15:34:27.702] [INFO] console - Executing (default): CREATE TABLE IF NOT EXISTS `Couponstats` (`id` INTEGER auto_increment , `src` CHAR(4) NOT NULL, `dest` CHAR(4) NOT NULL, `totalnum` INTEGER, `usednum` INTEGER, `createdAt` DATETIME NOT NULL, `updatedAt` DATETIME NOT NULL, UNIQUE `compositeIndex` (`src`, `dest`), PRIMARY KEY (`id`)) ENGINE=InnoDB DEFAULT CHARSET=utf8 COLLATE utf8_general_ci;
[2017-06-02 15:34:28.485] [INFO] console - Executing (default): CREATE TABLE IF NOT EXISTS `Sessions` (`sid` VARCHAR(255) , `userId` VARCHAR(255), `expires` DATETIME, `data` VARCHAR(10000), `createdAt` DATETIME NOT NULL, `updatedAt` DATETIME NOT NULL, PRIMARY KEY (`sid`)) ENGINE=memory DEFAULT CHARSET=utf8 COLLATE utf8_general_ci;
[2017-06-02 15:34:28.490] [INFO] console - Executing (default): CREATE TABLE IF NOT EXISTS `Users` (`id` INTEGER auto_increment , `name` VARCHAR(255) NOT NULL UNIQUE, `password` VARCHAR(255) NOT NULL, `corp` CHAR(4), `auth` INTEGER, `createdAt` DATETIME NOT NULL, `updatedAt` DATETIME NOT NULL, UNIQUE `Users_name_unique` (`name`), PRIMARY KEY (`id`)) ENGINE=InnoDB DEFAULT CHARSET=utf8 COLLATE utf8_general_ci;
[2017-06-02 15:34:28.492] [INFO] console - Executing (default): SHOW INDEX FROM `Corprelations`
[2017-06-02 15:34:28.504] [INFO] console - Executing (default): SHOW INDEX FROM `Coupons`
[2017-06-02 15:34:28.526] [INFO] console - Executing (default): SHOW INDEX FROM `Corporations`
[2017-06-02 15:34:28.569] [INFO] console - Executing (default): SHOW INDEX FROM `Corpdetails`
[2017-06-02 15:34:28.600] [INFO] console - Executing (default): SHOW INDEX FROM `Couponstats`
[2017-06-02 15:34:28.824] [INFO] console - Executing (default): SHOW INDEX FROM `Users`
[2017-06-02 15:34:28.832] [INFO] console - Executing (default): SHOW INDEX FROM `Sessions`
[2017-06-02 15:36:23.428] [INFO] console - Executing (default): DELETE FROM `Sessions` WHERE `expires` < '2017-06-02 07:36:23'
[2017-06-02 15:38:23.452] [INFO] console - Executing (default): DELETE FROM `Sessions` WHERE `expires` < '2017-06-02 07:38:23'
[2017-06-02 15:40:23.413] [INFO] console - Executing (default): DELETE FROM `Sessions` WHERE `expires` < '2017-06-02 07:40:23'
[2017-06-02 15:42:23.424] [INFO] console - Executing (default): DELETE FROM `Sessions` WHERE `expires` < '2017-06-02 07:42:23'
[2017-06-02 15:44:23.451] [INFO] console - Executing (default): DELETE FROM `Sessions` WHERE `expires` < '2017-06-02 07:44:23'
[2017-06-02 15:46:23.417] [INFO] console - Executing (default): DELETE FROM `Sessions` WHERE `expires` < '2017-06-02 07:46:23'
[2017-06-02 15:48:23.502] [INFO] console - Executing (default): DELETE FROM `Sessions` WHERE `expires` < '2017-06-02 07:48:23'
[2017-06-02 15:50:23.420] [INFO] console - Executing (default): DELETE FROM `Sessions` WHERE `expires` < '2017-06-02 07:50:23'
[2017-06-02 15:52:23.406] [INFO] console - Executing (default): DELETE FROM `Sessions` WHERE `expires` < '2017-06-02 07:52:23'
[2017-06-02 15:54:23.439] [INFO] console - Executing (default): DELETE FROM `Sessions` WHERE `expires` < '2017-06-02 07:54:23'
[2017-06-02 15:56:23.451] [INFO] console - Executing (default): DELETE FROM `Sessions` WHERE `expires` < '2017-06-02 07:56:23'
[2017-06-02 15:58:23.414] [INFO] console - Executing (default): DELETE FROM `Sessions` WHERE `expires` < '2017-06-02 07:58:23'
[2017-06-02 16:00:23.504] [INFO] console - Executing (default): DELETE FROM `Sessions` WHERE `expires` < '2017-06-02 08:00:23'
[2017-06-02 16:02:23.540] [INFO] console - Executing (default): DELETE FROM `Sessions` WHERE `expires` < '2017-06-02 08:02:23'
[2017-06-02 16:04:23.556] [INFO] console - Executing (default): DELETE FROM `Sessions` WHERE `expires` < '2017-06-02 08:04:23'
[2017-06-02 16:06:23.492] [INFO] console - Executing (default): DELETE FROM `Sessions` WHERE `expires` < '2017-06-02 08:06:23'
[2017-06-02 16:06:41.917] [INFO] console - Executing (default): SELECT `sid`, `expires`, `data`, `createdAt`, `updatedAt` FROM `Sessions` AS `Session` WHERE `Session`.`sid` = 'chhJDh2kWSQCb1Abr9q_LI1ZDu9O9Fbw';
[2017-06-02 16:06:42.280] [INFO] [default] - Process:9992 is processing
[2017-06-02 16:06:42.735] [INFO] console - Executing (default): SELECT `sid`, `expires`, `data`, `createdAt`, `updatedAt` FROM `Sessions` AS `Session` WHERE `Session`.`sid` = 'chhJDh2kWSQCb1Abr9q_LI1ZDu9O9Fbw';
[2017-06-02 16:06:42.738] [INFO] [default] - Process:9992 is processing
[2017-06-02 16:06:42.752] [INFO] [default] - user:[::1] open login.html
[2017-06-02 16:06:49.818] [INFO] console - Executing (default): SELECT `sid`, `expires`, `data`, `createdAt`, `updatedAt` FROM `Sessions` AS `Session` WHERE `Session`.`sid` = 'chhJDh2kWSQCb1Abr9q_LI1ZDu9O9Fbw';
[2017-06-02 16:06:49.819] [INFO] [default] - Process:9992 is processing
[2017-06-02 16:06:49.820] [INFO] [default] - user:[::1] begin to login
[2017-06-02 16:06:49.832] [INFO] console - Executing (default): SELECT `id`, `name`, `password`, `corp`, `auth`, `createdAt`, `updatedAt` FROM `Users` AS `User` WHERE `User`.`name` = 'admin' AND `User`.`password` = '202cb962ac59075b964b07152d234b70' LIMIT 1;
[2017-06-02 16:06:50.295] [INFO] [default] - user:[admin] login success
[2017-06-02 16:06:50.318] [INFO] console - Executing (default): SELECT `sid`, `expires`, `data`, `createdAt`, `updatedAt` FROM `Sessions` AS `Session` WHERE `Session`.`sid` = 'yI4-8FDp4GyTANE5Lpz5M8cAMlIqKGEj';
[2017-06-02 16:06:50.493] [INFO] console - Executing (default): INSERT INTO `Sessions` (`sid`,`expires`,`data`,`createdAt`,`updatedAt`) VALUES ('yI4-8FDp4GyTANE5Lpz5M8cAMlIqKGEj','2017-06-02 08:16:50','{\"cookie\":{\"originalMaxAge\":null,\"expires\":null,\"httpOnly\":true,\"path\":\"/\"},\"user\":\"admin\",\"corp\":\"wx\"}','2017-06-02 08:06:50','2017-06-02 08:06:50');
[2017-06-02 16:06:50.589] [INFO] console - Executing (default): SELECT `sid`, `expires`, `data`, `createdAt`, `updatedAt` FROM `Sessions` AS `Session` WHERE `Session`.`sid` = 'yI4-8FDp4GyTANE5Lpz5M8cAMlIqKGEj';
[2017-06-02 16:06:50.593] [INFO] [default] - Process:9992 is processing
[2017-06-02 16:06:50.594] [INFO] [default] - user:[admin] open check.html
[2017-06-02 16:06:50.690] [INFO] console - Executing (default): UPDATE `Sessions` SET `expires`='2017-06-02 08:16:50',`updatedAt`='2017-06-02 08:06:50' WHERE `sid` = 'yI4-8FDp4GyTANE5Lpz5M8cAMlIqKGEj'
[2017-06-02 16:06:52.336] [INFO] console - Executing (default): SELECT `sid`, `expires`, `data`, `createdAt`, `updatedAt` FROM `Sessions` AS `Session` WHERE `Session`.`sid` = 'yI4-8FDp4GyTANE5Lpz5M8cAMlIqKGEj';
[2017-06-02 16:06:52.337] [INFO] [default] - Process:9992 is processing
[2017-06-02 16:06:52.353] [INFO] [default] - user:[admin] open generate.html
[2017-06-02 16:06:52.355] [INFO] console - Executing (default): SELECT `id`, `src`, `dest`, `name`, `state`, `createdAt`, `updatedAt` FROM `Corprelations` AS `Corprelation` WHERE `Corprelation`.`src` = 'wx' AND `Corprelation`.`state` = true;
[2017-06-02 16:06:52.476] [INFO] [default] - user:[admin] generate.html initialize
[2017-06-02 16:06:52.513] [INFO] console - Executing (default): UPDATE `Sessions` SET `expires`='2017-06-02 08:16:52',`updatedAt`='2017-06-02 08:06:52' WHERE `sid` = 'yI4-8FDp4GyTANE5Lpz5M8cAMlIqKGEj'
[2017-06-02 16:08:23.502] [INFO] console - Executing (default): DELETE FROM `Sessions` WHERE `expires` < '2017-06-02 08:08:23'
[2017-06-02 16:10:23.675] [INFO] console - Executing (default): DELETE FROM `Sessions` WHERE `expires` < '2017-06-02 08:10:23'
[2017-06-02 16:12:23.600] [INFO] console - Executing (default): DELETE FROM `Sessions` WHERE `expires` < '2017-06-02 08:12:23'
[2017-06-02 16:14:23.677] [INFO] console - Executing (default): DELETE FROM `Sessions` WHERE `expires` < '2017-06-02 08:14:23'
[2017-06-02 16:16:23.613] [INFO] console - Executing (default): DELETE FROM `Sessions` WHERE `expires` < '2017-06-02 08:16:23'
[2017-06-02 16:18:23.697] [INFO] console - Executing (default): DELETE FROM `Sessions` WHERE `expires` < '2017-06-02 08:18:23'
[2017-06-02 16:20:23.704] [INFO] console - Executing (default): DELETE FROM `Sessions` WHERE `expires` < '2017-06-02 08:20:23'
[2017-06-02 16:22:23.606] [INFO] console - Executing (default): DELETE FROM `Sessions` WHERE `expires` < '2017-06-02 08:22:23'
[2017-06-02 16:24:23.718] [INFO] console - Executing (default): DELETE FROM `Sessions` WHERE `expires` < '2017-06-02 08:24:23'
[2017-06-02 16:26:23.626] [INFO] console - Executing (default): DELETE FROM `Sessions` WHERE `expires` < '2017-06-02 08:26:23'
[2017-06-02 16:27:28.050] [INFO] console - Executing (default): SELECT `sid`, `expires`, `data`, `createdAt`, `updatedAt` FROM `Sessions` AS `Session` WHERE `Session`.`sid` = 'yI4-8FDp4GyTANE5Lpz5M8cAMlIqKGEj';
[2017-06-02 16:27:28.208] [INFO] [default] - Process:9992 is processing
[2017-06-02 16:27:28.397] [INFO] console - Executing (default): SELECT `sid`, `expires`, `data`, `createdAt`, `updatedAt` FROM `Sessions` AS `Session` WHERE `Session`.`sid` = 'yI4-8FDp4GyTANE5Lpz5M8cAMlIqKGEj';
[2017-06-02 16:27:28.435] [INFO] [default] - Process:9992 is processing
[2017-06-02 16:27:28.529] [INFO] [default] - user:[::1] open login.html
[2017-06-02 16:28:23.624] [INFO] console - Executing (default): DELETE FROM `Sessions` WHERE `expires` < '2017-06-02 08:28:23'
[2017-06-02 16:30:23.654] [INFO] console - Executing (default): DELETE FROM `Sessions` WHERE `expires` < '2017-06-02 08:30:23'
[2017-06-02 16:32:23.668] [INFO] console - Executing (default): DELETE FROM `Sessions` WHERE `expires` < '2017-06-02 08:32:23'
[2017-06-02 16:34:23.839] [INFO] console - Executing (default): DELETE FROM `Sessions` WHERE `expires` < '2017-06-02 08:34:23'
[2017-06-02 16:36:23.912] [INFO] console - Executing (default): DELETE FROM `Sessions` WHERE `expires` < '2017-06-02 08:36:23'
[2017-06-02 16:38:23.764] [INFO] console - Executing (default): DELETE FROM `Sessions` WHERE `expires` < '2017-06-02 08:38:23'
[2017-06-02 16:40:23.866] [INFO] console - Executing (default): DELETE FROM `Sessions` WHERE `expires` < '2017-06-02 08:40:23'
[2017-06-02 16:42:23.796] [INFO] console - Executing (default): DELETE FROM `Sessions` WHERE `expires` < '2017-06-02 08:42:23'
[2017-06-02 16:44:23.819] [INFO] console - Executing (default): DELETE FROM `Sessions` WHERE `expires` < '2017-06-02 08:44:23'
[2017-06-02 16:46:23.850] [INFO] console - Executing (default): DELETE FROM `Sessions` WHERE `expires` < '2017-06-02 08:46:23'
[2017-06-02 16:48:23.822] [INFO] console - Executing (default): DELETE FROM `Sessions` WHERE `expires` < '2017-06-02 08:48:23'
[2017-06-02 16:50:23.820] [INFO] console - Executing (default): DELETE FROM `Sessions` WHERE `expires` < '2017-06-02 08:50:23'
[2017-06-02 16:52:24.192] [INFO] console - Executing (default): DELETE FROM `Sessions` WHERE `expires` < '2017-06-02 08:52:23'
[2017-06-02 16:54:23.858] [INFO] console - Executing (default): DELETE FROM `Sessions` WHERE `expires` < '2017-06-02 08:54:23'
[2017-06-02 16:56:23.847] [INFO] console - Executing (default): DELETE FROM `Sessions` WHERE `expires` < '2017-06-02 08:56:23'
[2017-06-02 16:58:23.848] [INFO] console - Executing (default): DELETE FROM `Sessions` WHERE `expires` < '2017-06-02 08:58:23'
[2017-06-02 17:00:23.840] [INFO] console - Executing (default): DELETE FROM `Sessions` WHERE `expires` < '2017-06-02 09:00:23'
[2017-06-02 17:02:24.408] [INFO] console - Executing (default): DELETE FROM `Sessions` WHERE `expires` < '2017-06-02 09:02:23'
[2017-06-02 17:04:23.833] [INFO] console - Executing (default): DELETE FROM `Sessions` WHERE `expires` < '2017-06-02 09:04:23'
[2017-06-02 17:06:23.987] [INFO] console - Executing (default): DELETE FROM `Sessions` WHERE `expires` < '2017-06-02 09:06:23'
