[2017-06-12 13:32:13.948] [ERROR] [default] - user:[admin] request /favicon.ico auth failed
[2017-06-12 13:34:53.641] [ERROR] [default] - user:[admin] request /favicon.ico auth failed
[2017-06-12 13:34:56.194] [ERROR] [default] - user:[admin] request /favicon.ico auth failed
[2017-06-12 13:35:48.385] [ERROR] [default] - user:[admin] request /favicon.ico auth failed
[2017-06-12 13:38:05.665] [ERROR] [default] - user:[admin] request /favicon.ico auth failed
[2017-06-12 13:38:13.189] [ERROR] [default] - user:[admin] request /favicon.ico auth failed
[2017-06-12 13:39:53.386] [ERROR] [default] - user:[admin] 上传图片路径错误！
[2017-06-12 13:39:53.714] [ERROR] [default] - user:[admin] request /favicon.ico auth failed
[2017-06-12 13:40:06.322] [ERROR] [default] - user:[admin] request /favicon.ico auth failed
[2017-06-12 13:41:25.114] [ERROR] [default] - user:[admin] request /favicon.ico auth failed
[2017-06-12 13:41:26.329] [ERROR] [default] - user:[admin] request /favicon.ico auth failed
[2017-06-12 13:41:27.763] [ERROR] [default] - user:[admin] request /favicon.ico auth failed
[2017-06-12 13:41:28.541] [ERROR] [default] - user:[admin] request /favicon.ico auth failed
[2017-06-12 13:41:31.946] [ERROR] [default] - user:[admin] request /favicon.ico auth failed
[2017-06-12 13:41:32.696] [ERROR] [default] - user:[admin] request /favicon.ico auth failed
[2017-06-12 13:41:36.426] [ERROR] [default] - user:[admin] request /favicon.ico auth failed
[2017-06-12 13:41:38.173] [ERROR] [default] - user:[admin] coupon.html initialize
[2017-06-12 13:41:38.271] [ERROR] [default] - user:[admin] request /favicon.ico auth failed
[2017-06-12 13:41:40.337] [ERROR] [default] - user:[admin] request /favicon.ico auth failed
[2017-06-12 13:41:43.232] [ERROR] [default] - user:[admin] request /favicon.ico auth failed
[2017-06-12 13:41:44.980] [ERROR] [default] - user:[admin] request /favicon.ico auth failed
[2017-06-12 13:41:48.215] [ERROR] [default] - user:[admin] request /favicon.ico auth failed
[2017-06-12 13:41:48.926] [ERROR] [default] - user:[admin] request /favicon.ico auth failed
[2017-06-12 13:41:50.205] [ERROR] [default] - user:[admin] request /favicon.ico auth failed
[2017-06-12 13:41:51.631] [ERROR] [default] - user:[admin] request /favicon.ico auth failed
[2017-06-12 13:41:52.485] [ERROR] [default] - user:[admin] request /favicon.ico auth failed
[2017-06-12 13:41:53.194] [ERROR] [default] - user:[admin] request /favicon.ico auth failed
[2017-06-12 15:13:52.770] [ERROR] [default] - user:[admin] request /favicon.ico auth failed
[2017-06-12 15:13:55.616] [ERROR] [default] - user:[admin] request /favicon.ico auth failed
[2017-06-12 15:14:16.983] [ERROR] [default] - user:[admin] Error: 数据不存在！
    at E:\NodejsWorkspace\catch\routes\corprelation.js:79:23
    at tryCatcher (E:\NodejsWorkspace\catch\node_modules\bluebird\js\release\util.js:16:23)
    at Promise._settlePromiseFromHandler (E:\NodejsWorkspace\catch\node_modules\bluebird\js\release\promise.js:512:31)
    at Promise._settlePromise (E:\NodejsWorkspace\catch\node_modules\bluebird\js\release\promise.js:569:18)
    at Promise._settlePromise0 (E:\NodejsWorkspace\catch\node_modules\bluebird\js\release\promise.js:614:10)
    at Promise._settlePromises (E:\NodejsWorkspace\catch\node_modules\bluebird\js\release\promise.js:693:18)
    at Async._drainQueue (E:\NodejsWorkspace\catch\node_modules\bluebird\js\release\async.js:133:16)
    at Async._drainQueues (E:\NodejsWorkspace\catch\node_modules\bluebird\js\release\async.js:143:10)
    at Immediate.Async.drainQueues (E:\NodejsWorkspace\catch\node_modules\bluebird\js\release\async.js:17:14)
    at runCallback (timers.js:666:20)
    at tryOnImmediate (timers.js:639:5)
    at processImmediate [as _immediateCallback] (timers.js:611:5)
[2017-06-12 15:19:35.604] [ERROR] [default] - user:[admin] Error: 数据不存在！
    at E:\NodejsWorkspace\catch\routes\corprelation.js:79:23
    at tryCatcher (E:\NodejsWorkspace\catch\node_modules\bluebird\js\release\util.js:16:23)
    at Promise._settlePromiseFromHandler (E:\NodejsWorkspace\catch\node_modules\bluebird\js\release\promise.js:512:31)
    at Promise._settlePromise (E:\NodejsWorkspace\catch\node_modules\bluebird\js\release\promise.js:569:18)
    at Promise._settlePromise0 (E:\NodejsWorkspace\catch\node_modules\bluebird\js\release\promise.js:614:10)
    at Promise._settlePromises (E:\NodejsWorkspace\catch\node_modules\bluebird\js\release\promise.js:693:18)
    at Async._drainQueue (E:\NodejsWorkspace\catch\node_modules\bluebird\js\release\async.js:133:16)
    at Async._drainQueues (E:\NodejsWorkspace\catch\node_modules\bluebird\js\release\async.js:143:10)
    at Immediate.Async.drainQueues (E:\NodejsWorkspace\catch\node_modules\bluebird\js\release\async.js:17:14)
    at runCallback (timers.js:666:20)
    at tryOnImmediate (timers.js:639:5)
    at processImmediate [as _immediateCallback] (timers.js:611:5)
[2017-06-12 15:19:44.200] [ERROR] [default] - user:[admin] request /favicon.ico auth failed
[2017-06-12 15:21:41.726] [ERROR] [default] - user:[admin] request /favicon.ico auth failed
[2017-06-12 15:22:14.173] [ERROR] [default] - user:[admin] request /favicon.ico auth failed
[2017-06-12 15:22:28.514] [ERROR] [default] - user:[admin] request /favicon.ico auth failed
[2017-06-12 15:22:36.341] [ERROR] [default] - user:[admin] request /favicon.ico auth failed
